cp-amf, 957956
cp-ausf, 890624
cp-bsf, 877244
cp-db, 839652
cp-nrf, 914564
cp-nssf, 919320
cp-pcf, 943980
cp-smf, 985816
cp-udm, 738920
cp-udr, 661884
gnb01, 686244
ue, 728560
upf01-min-rdy, 965748
timestamp,21:31:15.568
cp-amf, 880220
cp-ausf, 780712
cp-bsf, 805728
cp-db, 760572
cp-nrf, 903204
cp-nssf, 915232
cp-pcf, 939448
cp-smf, 968516
cp-udm, 901700
cp-udr, 703604
gnb01, 683376
ue, 723932
upf01-min-rdy, 974108
timestamp,21:31:16.243
cp-amf, 860960
cp-ausf, 772704
cp-bsf, 776748
cp-db, 751676
cp-nrf, 900388
cp-nssf, 914436
cp-pcf, 938016
cp-smf, 970824
cp-udm, 902064
cp-udr, 931140
gnb01, 682008
ue, 722708
upf01-min-rdy, 973464
timestamp,21:31:17.131
cp-amf, 860960
cp-ausf, 772704
cp-bsf, 776892
cp-db, 751684
cp-nrf, 900388
cp-nssf, 914436
cp-pcf, 938016
cp-smf, 970824
cp-udm, 902052
cp-udr, 931140
gnb01, 682008
ue, 722708
upf01-min-rdy, 973464
timestamp,21:31:18.106
cp-amf, 860964
cp-ausf, 772156
cp-bsf, 776896
cp-db, 747588
cp-nrf, 900328
cp-nssf, 914436
cp-pcf, 938016
cp-smf, 970824
cp-udm, 902052
cp-udr, 931140
gnb01, 682008
ue, 722708
upf01-min-rdy, 973464
timestamp,21:31:19.105
cp-amf, 812344
cp-ausf, 753708
cp-bsf, 762560
cp-db, 712292
cp-nrf, 900960
cp-nssf, 914436
cp-pcf, 936876
cp-smf, 970812
cp-udm, 901796
cp-udr, 930140
gnb01, 681880
ue, 721924
upf01-min-rdy, 972856
timestamp,21:31:20.100
cp-amf, 812344
cp-ausf, 753708
cp-bsf, 765624
cp-db, 713036
cp-nrf, 900960
cp-nssf, 914436
cp-pcf, 936876
cp-smf, 970812
cp-udm, 901796
cp-udr, 930140
gnb01, 681880
ue, 721924
upf01-min-rdy, 972856
timestamp,21:31:21.091
cp-amf, 812344
cp-ausf, 755348
cp-bsf, 765624
cp-db, 713036
cp-nrf, 900960
cp-nssf, 914436
cp-pcf, 936876
cp-smf, 970812
cp-udm, 901796
cp-udr, 930140
gnb01, 681880
ue, 721924
upf01-min-rdy, 972860
timestamp,21:31:22.108
cp-amf, 812344
cp-ausf, 755348
cp-bsf, 766600
cp-db, 713196
cp-nrf, 900960
cp-nssf, 914436
cp-pcf, 936876
cp-smf, 970812
cp-udm, 901796
cp-udr, 930140
gnb01, 681880
ue, 721924
upf01-min-rdy, 972860
timestamp,21:31:23.097
cp-amf, 812356
cp-ausf, 755348
cp-bsf, 766600
cp-db, 714268
cp-nrf, 902760
cp-nssf, 915244
cp-pcf, 936876
cp-smf, 970812
cp-udm, 901796
cp-udr, 930140
gnb01, 682740
ue, 721924
upf01-min-rdy, 972860
timestamp,21:31:24.139
cp-amf, 812476
cp-ausf, 757268
cp-bsf, 766600
cp-db, 714268
cp-nrf, 902760
cp-nssf, 915244
cp-pcf, 936876
cp-smf, 970812
cp-udm, 901796
cp-udr, 930140
gnb01, 682740
ue, 721924
upf01-min-rdy, 972860
timestamp,21:31:25.109
cp-amf, 812476
cp-ausf, 757520
cp-bsf, 766604
cp-db, 714268
cp-nrf, 903456
cp-nssf, 916328
cp-pcf, 938868
cp-smf, 970812
cp-udm, 901796
cp-udr, 930140
gnb01, 682740
ue, 723308
upf01-min-rdy, 972860
timestamp,21:31:26.112
cp-amf, 812476
cp-ausf, 757520
cp-bsf, 766840
cp-db, 714268
cp-nrf, 903456
cp-nssf, 916328
cp-pcf, 939128
cp-smf, 972260
cp-udm, 901796
cp-udr, 930140
gnb01, 682740
ue, 723308
upf01-min-rdy, 975052
timestamp,21:31:27.097
cp-amf, 812476
cp-ausf, 757700
cp-bsf, 766840
cp-db, 715476
cp-nrf, 903456
cp-nssf, 916328
cp-pcf, 939128
cp-smf, 972260
cp-udm, 902616
cp-udr, 931564
gnb01, 682740
ue, 723308
upf01-min-rdy, 975052
timestamp,21:31:28.104
cp-amf, 813132
cp-ausf, 757700
cp-bsf, 767028
cp-db, 715684
cp-nrf, 903456
cp-nssf, 916328
cp-pcf, 939128
cp-smf, 972260
cp-udm, 902616
cp-udr, 931564
gnb01, 683440
ue, 723308
upf01-min-rdy, 975052
timestamp,21:31:29.134
cp-amf, 813132
cp-ausf, 757700
cp-bsf, 767028
cp-db, 715924
cp-nrf, 903456
cp-nssf, 916328
cp-pcf, 939128
cp-smf, 972260
cp-udm, 902616
cp-udr, 931564
gnb01, 683440
ue, 723904
upf01-min-rdy, 975052
timestamp,21:31:30.109
cp-amf, 813132
cp-ausf, 757700
cp-bsf, 767028
cp-db, 715924
cp-nrf, 903792
cp-nssf, 916328
cp-pcf, 939128
cp-smf, 972260
cp-udm, 902616
cp-udr, 931564
gnb01, 683440
ue, 723904
upf01-min-rdy, 975052
timestamp,21:31:31.116
cp-amf, 813132
cp-ausf, 757700
cp-bsf, 767028
cp-db, 715924
cp-nrf, 903792
cp-nssf, 916328
cp-pcf, 939128
cp-smf, 972740
cp-udm, 902616
cp-udr, 931564
gnb01, 683440
ue, 723904
upf01-min-rdy, 975392
timestamp,21:31:32.119
cp-amf, 813132
cp-ausf, 757700
cp-bsf, 767028
cp-db, 716184
cp-nrf, 903792
cp-nssf, 916328
cp-pcf, 939128
cp-smf, 972748
cp-udm, 903436
cp-udr, 932332
gnb01, 683440
ue, 723904
upf01-min-rdy, 975776
timestamp,21:31:33.125
cp-amf, 813132
cp-ausf, 757700
cp-bsf, 767028
cp-db, 716184
cp-nrf, 903792
cp-nssf, 916328
cp-pcf, 939128
cp-smf, 972748
cp-udm, 903436
cp-udr, 932332
gnb01, 683440
ue, 723904
upf01-min-rdy, 975776
timestamp,21:31:34.137
cp-amf, 813540
cp-ausf, 758496
cp-bsf, 767028
cp-db, 716184
cp-nrf, 903792
cp-nssf, 916328
cp-pcf, 939128
cp-smf, 972748
cp-udm, 903436
cp-udr, 932332
gnb01, 683440
ue, 723904
upf01-min-rdy, 975776
timestamp,21:31:35.130
cp-amf, 813880
cp-ausf, 758496
cp-bsf, 767168
cp-db, 716184
cp-nrf, 903792
cp-nssf, 916328
cp-pcf, 939128
cp-smf, 972748
cp-udm, 903436
cp-udr, 932332
gnb01, 683440
ue, 723904
upf01-min-rdy, 975776
timestamp,21:31:36.133
cp-amf, 813884
cp-ausf, 758504
cp-bsf, 767168
cp-db, 716184
cp-nrf, 903792
cp-nssf, 916328
cp-pcf, 939128
cp-smf, 972748
cp-udm, 903436
cp-udr, 932332
gnb01, 683440
ue, 723904
upf01-min-rdy, 975776
timestamp,21:31:37.122
cp-amf, 813884
cp-ausf, 758504
cp-bsf, 767168
cp-db, 716560
cp-nrf, 903792
cp-nssf, 916328
cp-pcf, 939128
cp-smf, 972748
cp-udm, 903436
cp-udr, 932332
gnb01, 683440
ue, 723904
upf01-min-rdy, 975776
timestamp,21:31:38.136
cp-amf, 813884
cp-ausf, 758504
cp-bsf, 767168
cp-db, 716560
cp-nrf, 903948
cp-nssf, 916328
cp-pcf, 939128
cp-smf, 973272
cp-udm, 903436
cp-udr, 932332
gnb01, 683440
ue, 723904
upf01-min-rdy, 975776
timestamp,21:31:39.130
cp-amf, 813884
cp-ausf, 758504
cp-bsf, 767168
cp-db, 716560
cp-nrf, 904068
cp-nssf, 916328
cp-pcf, 939128
cp-smf, 973272
cp-udm, 903436
cp-udr, 932332
gnb01, 683704
ue, 723908
upf01-min-rdy, 975776
timestamp,21:31:40.124
cp-amf, 813884
cp-ausf, 758504
cp-bsf, 767168
cp-db, 716560
cp-nrf, 904068
cp-nssf, 916532
cp-pcf, 939128
cp-smf, 973272
cp-udm, 903832
cp-udr, 932332
gnb01, 683712
ue, 723908
upf01-min-rdy, 975776
timestamp,21:31:41.144
cp-amf, 813884
cp-ausf, 758508
cp-bsf, 767168
cp-db, 716600
cp-nrf, 904068
cp-nssf, 916532
cp-pcf, 939368
cp-smf, 973272
cp-udm, 903832
cp-udr, 932756
gnb01, 683712
ue, 725068
upf01-min-rdy, 975776
timestamp,21:31:42.120
cp-amf, 813884
cp-ausf, 758508
cp-bsf, 767168
cp-db, 716600
cp-nrf, 904068
cp-nssf, 916532
cp-pcf, 939368
cp-smf, 973272
cp-udm, 903832
cp-udr, 932756
gnb01, 683712
ue, 725068
upf01-min-rdy, 975776
timestamp,21:31:43.128
cp-amf, 813884
cp-ausf, 758508
cp-bsf, 767168
cp-db, 716600
cp-nrf, 904068
cp-nssf, 917060
cp-pcf, 939368
cp-smf, 973272
cp-udm, 903832
cp-udr, 932756
gnb01, 683712
ue, 725068
upf01-min-rdy, 975776
timestamp,21:31:44.130
cp-amf, 813884
cp-ausf, 758508
cp-bsf, 767168
cp-db, 716600
cp-nrf, 904068
cp-nssf, 917060
cp-pcf, 939368
cp-smf, 973272
cp-udm, 903832
cp-udr, 932756
gnb01, 683712
ue, 725068
upf01-min-rdy, 975776
timestamp,21:31:45.128
cp-amf, 813884
cp-ausf, 758612
cp-bsf, 767220
cp-db, 716600
cp-nrf, 904068
cp-nssf, 917060
cp-pcf, 939368
cp-smf, 973272
cp-udm, 903832
cp-udr, 932756
gnb01, 683712
ue, 725068
upf01-min-rdy, 975776
timestamp,21:31:46.131
cp-amf, 813884
cp-ausf, 758612
cp-bsf, 767220
cp-db, 716600
cp-nrf, 904196
cp-nssf, 917060
cp-pcf, 939368
cp-smf, 973272
cp-udm, 903832
cp-udr, 932756
gnb01, 683712
ue, 725068
upf01-min-rdy, 975776
timestamp,21:31:47.139
cp-amf, 813896
cp-ausf, 758612
cp-bsf, 767220
cp-db, 716600
cp-nrf, 904196
cp-nssf, 917060
cp-pcf, 939368
cp-smf, 973272
cp-udm, 903832
cp-udr, 932756
gnb01, 683712
ue, 725068
upf01-min-rdy, 975776
timestamp,21:31:48.141
cp-amf, 813896
cp-ausf, 758624
cp-bsf, 767220
cp-db, 716600
cp-nrf, 904196
cp-nssf, 917060
cp-pcf, 939368
cp-smf, 973272
cp-udm, 903832
cp-udr, 932756
gnb01, 683712
ue, 725068
upf01-min-rdy, 975776
timestamp,21:31:49.128
cp-amf, 814516
cp-ausf, 758624
cp-bsf, 767248
cp-db, 716600
cp-nrf, 904196
cp-nssf, 917060
cp-pcf, 939368
cp-smf, 973272
cp-udm, 903832
cp-udr, 932756
gnb01, 683712
ue, 725068
upf01-min-rdy, 975776
timestamp,21:31:50.131
cp-amf, 814516
cp-ausf, 758624
cp-bsf, 767248
cp-db, 716612
cp-nrf, 904196
cp-nssf, 917064
cp-pcf, 939368
cp-smf, 973272
cp-udm, 903832
cp-udr, 932756
gnb01, 683712
ue, 725068
upf01-min-rdy, 975776
timestamp,21:31:51.135
cp-amf, 814516
cp-ausf, 758736
cp-bsf, 767248
cp-db, 716612
cp-nrf, 904196
cp-nssf, 917064
cp-pcf, 939368
cp-smf, 973272
cp-udm, 903832
cp-udr, 932756
gnb01, 683712
ue, 725068
upf01-min-rdy, 975776
timestamp,21:31:52.141
cp-amf, 814512
cp-ausf, 758736
cp-bsf, 767248
cp-db, 716612
cp-nrf, 904196
cp-nssf, 917064
cp-pcf, 939368
cp-smf, 973272
cp-udm, 903832
cp-udr, 932756
gnb01, 683728
ue, 725068
upf01-min-rdy, 975776
timestamp,21:31:53.142
cp-amf, 814512
cp-ausf, 758736
cp-bsf, 767248
cp-db, 716612
cp-nrf, 904196
cp-nssf, 917064
cp-pcf, 939368
cp-smf, 973272
cp-udm, 903832
cp-udr, 932756
gnb01, 683728
ue, 725068
upf01-min-rdy, 975776
timestamp,21:31:54.135
cp-amf, 814512
cp-ausf, 758736
cp-bsf, 767248
cp-db, 716612
cp-nrf, 904196
cp-nssf, 917064
cp-pcf, 939368
cp-smf, 973272
cp-udm, 903832
cp-udr, 932756
gnb01, 683728
ue, 725068
upf01-min-rdy, 975776
timestamp,21:31:55.140
