NAME,CPU %,MEM USAGE / LIMIT,NET I/O,BLOCK I/O,PIDS
amf,0.05%,8.742MiB / 15.55GiB,12.6kB / 5.11kB,0B / 20.5kB,4
upf,0.00%,22.26MiB / 15.55GiB,6.92kB / 235B,0B / 16.4kB,4
pcf,1.60%,8.352MiB / 15.55GiB,41.5kB / 5.03kB,0B / 16.4kB,4
bsf,1.45%,7.488MiB / 15.55GiB,7.78kB / 1.73kB,0B / 16.4kB,4
nssf,0.04%,7.449MiB / 15.55GiB,8.1kB / 2.15kB,0B / 12.3kB,4
udr,1.71%,8.055MiB / 15.55GiB,38.5kB / 2.78kB,0B / 16.4kB,4
smf,0.18%,30.06MiB / 15.55GiB,14kB / 5.64kB,0B / 147kB,40
udm,0.09%,7.59MiB / 15.55GiB,10.7kB / 4.25kB,0B / 12.3kB,4
ausf,0.04%,7.602MiB / 15.55GiB,11.6kB / 3.41kB,4.1kB / 12.3kB,4
nrf,0.34%,8.754MiB / 15.55GiB,34.8kB / 29.5kB,0B / 8.19kB,4
mongo,0.38%,140.7MiB / 15.55GiB,9.56kB / 61.3kB,8.19kB / 258kB,27
21:19:24.878
NAME,CPU %,MEM USAGE / LIMIT,NET I/O,BLOCK I/O,PIDS
amf,0.03%,8.746MiB / 15.55GiB,12.9kB / 5.48kB,0B / 20.5kB,4
upf,0.02%,22.27MiB / 15.55GiB,7.08kB / 351B,0B / 16.4kB,4
pcf,0.00%,8.352MiB / 15.55GiB,41.5kB / 5.03kB,0B / 16.4kB,4
bsf,0.00%,7.488MiB / 15.55GiB,7.82kB / 1.73kB,0B / 16.4kB,4
nssf,0.00%,7.449MiB / 15.55GiB,8.14kB / 2.15kB,0B / 12.3kB,4
udr,0.00%,8.055MiB / 15.55GiB,38.5kB / 2.78kB,0B / 16.4kB,4
smf,0.03%,30.07MiB / 15.55GiB,14.1kB / 5.8kB,0B / 147kB,40
udm,0.00%,7.59MiB / 15.55GiB,10.8kB / 4.25kB,0B / 12.3kB,4
ausf,0.00%,7.602MiB / 15.55GiB,11.6kB / 3.41kB,4.1kB / 12.3kB,4
nrf,0.02%,8.762MiB / 15.55GiB,35.2kB / 29.7kB,0B / 8.19kB,4
mongo,0.16%,140.7MiB / 15.55GiB,9.61kB / 61.3kB,8.19kB / 258kB,27
21:19:25.909
NAME,CPU %,MEM USAGE / LIMIT,NET I/O,BLOCK I/O,PIDS
amf,0.00%,8.746MiB / 15.55GiB,12.9kB / 5.48kB,0B / 20.5kB,4
upf,0.00%,22.27MiB / 15.55GiB,7.08kB / 351B,0B / 16.4kB,4
pcf,0.00%,8.352MiB / 15.55GiB,41.5kB / 5.03kB,0B / 16.4kB,4
bsf,0.00%,7.488MiB / 15.55GiB,7.82kB / 1.73kB,0B / 16.4kB,4
nssf,0.00%,7.449MiB / 15.55GiB,8.14kB / 2.15kB,0B / 12.3kB,4
udr,0.00%,8.055MiB / 15.55GiB,38.5kB / 2.78kB,0B / 16.4kB,4
smf,0.01%,30.07MiB / 15.55GiB,14.1kB / 5.8kB,0B / 147kB,40
udm,0.00%,7.59MiB / 15.55GiB,10.8kB / 4.25kB,0B / 12.3kB,4
ausf,0.00%,7.602MiB / 15.55GiB,11.6kB / 3.41kB,4.1kB / 12.3kB,4
nrf,0.00%,8.762MiB / 15.55GiB,35.2kB / 29.7kB,0B / 8.19kB,4
mongo,0.18%,140.7MiB / 15.55GiB,9.68kB / 61.3kB,8.19kB / 258kB,27
21:19:26.966
NAME,CPU %,MEM USAGE / LIMIT,NET I/O,BLOCK I/O,PIDS
amf,0.00%,8.746MiB / 15.55GiB,13kB / 5.48kB,0B / 20.5kB,4
upf,0.00%,22.27MiB / 15.55GiB,7.17kB / 351B,0B / 16.4kB,4
pcf,0.00%,8.352MiB / 15.55GiB,41.6kB / 5.03kB,0B / 16.4kB,4
bsf,0.00%,7.488MiB / 15.55GiB,7.91kB / 1.73kB,0B / 16.4kB,4
nssf,0.00%,7.449MiB / 15.55GiB,8.3kB / 2.15kB,0B / 12.3kB,4
udr,0.00%,8.055MiB / 15.55GiB,38.7kB / 2.78kB,0B / 16.4kB,4
smf,0.01%,30.07MiB / 15.55GiB,14.2kB / 5.8kB,0B / 147kB,40
udm,0.00%,7.59MiB / 15.55GiB,10.9kB / 4.25kB,0B / 12.3kB,4
ausf,0.00%,7.602MiB / 15.55GiB,11.8kB / 3.41kB,4.1kB / 12.3kB,4
nrf,0.00%,8.762MiB / 15.55GiB,35.3kB / 29.7kB,0B / 8.19kB,4
mongo,0.14%,140.7MiB / 15.55GiB,9.76kB / 61.3kB,8.19kB / 258kB,27
21:19:27.996
NAME,CPU %,MEM USAGE / LIMIT,NET I/O,BLOCK I/O,PIDS
amf,0.00%,8.746MiB / 15.55GiB,13kB / 5.48kB,0B / 20.5kB,4
upf,0.00%,22.27MiB / 15.55GiB,7.24kB / 351B,0B / 16.4kB,4
pcf,0.00%,8.352MiB / 15.55GiB,41.6kB / 5.03kB,0B / 16.4kB,4
bsf,0.00%,7.488MiB / 15.55GiB,7.98kB / 1.73kB,0B / 16.4kB,4
nssf,0.00%,7.449MiB / 15.55GiB,8.3kB / 2.15kB,0B / 12.3kB,4
udr,0.00%,8.055MiB / 15.55GiB,38.7kB / 2.78kB,0B / 16.4kB,4
smf,0.01%,30.07MiB / 15.55GiB,14.3kB / 5.8kB,0B / 147kB,40
udm,0.00%,7.59MiB / 15.55GiB,10.9kB / 4.25kB,0B / 12.3kB,4
ausf,0.00%,7.602MiB / 15.55GiB,11.8kB / 3.41kB,4.1kB / 12.3kB,4
nrf,0.00%,8.762MiB / 15.55GiB,35.3kB / 29.7kB,0B / 8.19kB,4
mongo,0.30%,140.7MiB / 15.55GiB,9.76kB / 61.3kB,8.19kB / 258kB,27
21:19:29.050
NAME,CPU %,MEM USAGE / LIMIT,NET I/O,BLOCK I/O,PIDS
amf,0.00%,8.746MiB / 15.55GiB,13.1kB / 5.48kB,0B / 20.5kB,4
upf,0.00%,22.27MiB / 15.55GiB,7.34kB / 351B,0B / 16.4kB,4
pcf,0.00%,8.352MiB / 15.55GiB,41.8kB / 5.07kB,0B / 16.4kB,4
bsf,0.00%,7.488MiB / 15.55GiB,8.13kB / 1.77kB,0B / 16.4kB,4
nssf,0.00%,7.449MiB / 15.55GiB,8.4kB / 2.15kB,0B / 12.3kB,4
udr,0.00%,8.055MiB / 15.55GiB,38.8kB / 2.86kB,0B / 16.4kB,4
smf,0.01%,30.07MiB / 15.55GiB,14.4kB / 5.8kB,0B / 147kB,40
udm,0.00%,7.59MiB / 15.55GiB,11kB / 4.25kB,0B / 12.3kB,4
ausf,0.00%,7.602MiB / 15.55GiB,11.9kB / 3.41kB,4.1kB / 12.3kB,4
nrf,0.00%,8.762MiB / 15.55GiB,35.5kB / 29.8kB,0B / 8.19kB,4
mongo,0.19%,140.7MiB / 15.55GiB,10.1kB / 61.4kB,8.19kB / 258kB,27
21:19:30.076
NAME,CPU %,MEM USAGE / LIMIT,NET I/O,BLOCK I/O,PIDS
amf,0.00%,8.746MiB / 15.55GiB,13.1kB / 5.48kB,0B / 20.5kB,4
upf,0.00%,22.27MiB / 15.55GiB,7.34kB / 351B,0B / 16.4kB,4
pcf,0.00%,8.352MiB / 15.55GiB,41.9kB / 5.07kB,0B / 16.4kB,4
bsf,0.00%,7.488MiB / 15.55GiB,8.13kB / 1.77kB,0B / 16.4kB,4
nssf,0.00%,7.449MiB / 15.55GiB,8.51kB / 2.15kB,0B / 12.3kB,4
udr,0.00%,8.055MiB / 15.55GiB,39kB / 2.86kB,0B / 16.4kB,4
smf,0.01%,30.07MiB / 15.55GiB,14.5kB / 5.8kB,0B / 147kB,40
udm,0.00%,7.59MiB / 15.55GiB,11.1kB / 4.25kB,0B / 12.3kB,4
ausf,0.00%,7.602MiB / 15.55GiB,12kB / 3.41kB,4.1kB / 12.3kB,4
nrf,0.00%,8.762MiB / 15.55GiB,35.6kB / 29.8kB,0B / 8.19kB,4
mongo,0.21%,140.7MiB / 15.55GiB,10.1kB / 61.4kB,8.19kB / 258kB,27
21:19:31.142
NAME,CPU %,MEM USAGE / LIMIT,NET I/O,BLOCK I/O,PIDS
amf,0.00%,8.746MiB / 15.55GiB,13.2kB / 5.48kB,0B / 20.5kB,4
upf,0.00%,22.27MiB / 15.55GiB,7.45kB / 351B,0B / 16.4kB,4
pcf,0.00%,8.352MiB / 15.55GiB,41.9kB / 5.07kB,0B / 16.4kB,4
bsf,0.00%,7.488MiB / 15.55GiB,8.24kB / 1.77kB,0B / 16.4kB,4
nssf,0.00%,7.449MiB / 15.55GiB,8.51kB / 2.15kB,0B / 12.3kB,4
udr,0.00%,8.055MiB / 15.55GiB,39kB / 2.86kB,0B / 16.4kB,4
smf,0.01%,30.07MiB / 15.55GiB,14.5kB / 5.8kB,0B / 147kB,40
udm,0.00%,7.59MiB / 15.55GiB,11.1kB / 4.25kB,0B / 12.3kB,4
ausf,0.00%,7.602MiB / 15.55GiB,12kB / 3.41kB,4.1kB / 12.3kB,4
nrf,0.00%,8.762MiB / 15.55GiB,35.6kB / 29.8kB,0B / 8.19kB,4
mongo,0.17%,140.7MiB / 15.55GiB,10.1kB / 61.4kB,8.19kB / 258kB,27
21:19:32.194
NAME,CPU %,MEM USAGE / LIMIT,NET I/O,BLOCK I/O,PIDS
amf,0.00%,8.746MiB / 15.55GiB,13.2kB / 5.48kB,0B / 20.5kB,4
upf,0.00%,22.27MiB / 15.55GiB,7.45kB / 351B,0B / 16.4kB,4
pcf,0.00%,8.352MiB / 15.55GiB,41.9kB / 5.07kB,0B / 16.4kB,4
bsf,0.00%,7.488MiB / 15.55GiB,8.24kB / 1.77kB,0B / 16.4kB,4
nssf,0.00%,7.449MiB / 15.55GiB,8.51kB / 2.15kB,0B / 12.3kB,4
udr,0.00%,8.055MiB / 15.55GiB,39kB / 2.86kB,0B / 16.4kB,4
smf,0.01%,30.07MiB / 15.55GiB,14.5kB / 5.8kB,0B / 147kB,40
udm,0.00%,7.59MiB / 15.55GiB,11.1kB / 4.25kB,0B / 12.3kB,4
ausf,0.00%,7.602MiB / 15.55GiB,12kB / 3.41kB,4.1kB / 12.3kB,4
nrf,0.00%,8.762MiB / 15.55GiB,35.6kB / 29.8kB,0B / 8.19kB,4
mongo,0.18%,140.7MiB / 15.55GiB,10.1kB / 61.4kB,8.19kB / 258kB,27
21:19:33.228
NAME,CPU %,MEM USAGE / LIMIT,NET I/O,BLOCK I/O,PIDS
amf,0.00%,8.746MiB / 15.55GiB,13.2kB / 5.48kB,0B / 20.5kB,4
upf,0.00%,22.27MiB / 15.55GiB,7.45kB / 351B,0B / 16.4kB,4
pcf,0.00%,8.352MiB / 15.55GiB,41.9kB / 5.07kB,0B / 16.4kB,4
bsf,0.00%,7.488MiB / 15.55GiB,8.24kB / 1.77kB,0B / 16.4kB,4
nssf,0.00%,7.449MiB / 15.55GiB,8.51kB / 2.15kB,0B / 12.3kB,4
udr,0.00%,8.055MiB / 15.55GiB,39kB / 2.86kB,0B / 16.4kB,4
smf,0.01%,30.07MiB / 15.55GiB,14.5kB / 5.8kB,0B / 147kB,40
udm,0.03%,7.605MiB / 15.55GiB,11.4kB / 4.59kB,0B / 12.3kB,4
ausf,0.04%,7.602MiB / 15.55GiB,12.2kB / 3.75kB,4.1kB / 12.3kB,4
nrf,0.04%,8.773MiB / 15.55GiB,36.3kB / 30.2kB,0B / 8.19kB,4
mongo,0.56%,140.7MiB / 15.55GiB,10.1kB / 61.4kB,8.19kB / 274kB,27
21:19:34.262
NAME,CPU %,MEM USAGE / LIMIT,NET I/O,BLOCK I/O,PIDS
amf,0.03%,8.746MiB / 15.55GiB,13.5kB / 5.83kB,0B / 20.5kB,4
upf,0.00%,22.27MiB / 15.55GiB,7.45kB / 351B,0B / 16.4kB,4
pcf,0.03%,8.367MiB / 15.55GiB,42.2kB / 5.44kB,0B / 16.4kB,4
bsf,0.04%,7.504MiB / 15.55GiB,8.47kB / 2.15kB,0B / 16.4kB,4
nssf,0.04%,7.453MiB / 15.55GiB,8.74kB / 2.49kB,0B / 12.3kB,4
udr,0.03%,8.07MiB / 15.55GiB,39.2kB / 3.23kB,0B / 16.4kB,4
smf,0.05%,30.08MiB / 15.55GiB,14.7kB / 6.14kB,0B / 147kB,40
udm,0.00%,7.605MiB / 15.55GiB,11.4kB / 4.59kB,0B / 12.3kB,4
ausf,0.00%,7.602MiB / 15.55GiB,12.2kB / 3.75kB,4.1kB / 12.3kB,4
nrf,0.11%,8.832MiB / 15.55GiB,38.5kB / 31.6kB,0B / 8.19kB,4
mongo,0.18%,140.7MiB / 15.55GiB,10.1kB / 61.4kB,8.19kB / 274kB,27
21:19:35.290
NAME,CPU %,MEM USAGE / LIMIT,NET I/O,BLOCK I/O,PIDS
amf,0.00%,8.746MiB / 15.55GiB,13.5kB / 5.83kB,0B / 20.5kB,4
upf,0.00%,22.27MiB / 15.55GiB,7.45kB / 351B,0B / 16.4kB,4
pcf,0.00%,8.367MiB / 15.55GiB,42.2kB / 5.44kB,0B / 16.4kB,4
bsf,0.00%,7.504MiB / 15.55GiB,8.47kB / 2.15kB,0B / 16.4kB,4
nssf,0.00%,7.453MiB / 15.55GiB,8.74kB / 2.49kB,0B / 12.3kB,4
udr,0.00%,8.07MiB / 15.55GiB,39.2kB / 3.23kB,0B / 16.4kB,4
smf,0.01%,30.08MiB / 15.55GiB,14.7kB / 6.14kB,0B / 147kB,40
udm,0.00%,7.605MiB / 15.55GiB,11.4kB / 4.59kB,0B / 12.3kB,4
ausf,0.00%,7.602MiB / 15.55GiB,12.2kB / 3.75kB,4.1kB / 12.3kB,4
nrf,0.00%,8.832MiB / 15.55GiB,38.5kB / 31.6kB,0B / 8.19kB,4
mongo,0.22%,140.7MiB / 15.55GiB,10.1kB / 61.4kB,8.19kB / 274kB,27
21:19:36.338
NAME,CPU %,MEM USAGE / LIMIT,NET I/O,BLOCK I/O,PIDS
amf,0.00%,8.746MiB / 15.55GiB,13.5kB / 5.83kB,0B / 20.5kB,4
upf,0.01%,22.28MiB / 15.55GiB,7.57kB / 467B,0B / 16.4kB,4
pcf,0.00%,8.367MiB / 15.55GiB,42.2kB / 5.44kB,0B / 16.4kB,4
bsf,0.00%,7.504MiB / 15.55GiB,8.47kB / 2.15kB,0B / 16.4kB,4
nssf,0.00%,7.453MiB / 15.55GiB,8.74kB / 2.49kB,0B / 12.3kB,4
udr,0.00%,8.07MiB / 15.55GiB,39.2kB / 3.23kB,0B / 16.4kB,4
smf,0.03%,30.09MiB / 15.55GiB,14.8kB / 6.26kB,0B / 147kB,40
udm,0.00%,7.605MiB / 15.55GiB,11.4kB / 4.59kB,0B / 12.3kB,4
ausf,0.00%,7.602MiB / 15.55GiB,12.2kB / 3.75kB,4.1kB / 12.3kB,4
nrf,0.00%,8.832MiB / 15.55GiB,38.5kB / 31.6kB,0B / 8.19kB,4
mongo,0.18%,140.7MiB / 15.55GiB,10.1kB / 61.4kB,8.19kB / 274kB,27
21:19:37.363
NAME,CPU %,MEM USAGE / LIMIT,NET I/O,BLOCK I/O,PIDS
amf,0.00%,8.746MiB / 15.55GiB,13.5kB / 5.83kB,0B / 20.5kB,4
upf,0.00%,22.28MiB / 15.55GiB,7.57kB / 467B,0B / 16.4kB,4
pcf,0.00%,8.367MiB / 15.55GiB,42.2kB / 5.44kB,0B / 16.4kB,4
bsf,0.00%,7.504MiB / 15.55GiB,8.47kB / 2.15kB,0B / 16.4kB,4
nssf,0.00%,7.453MiB / 15.55GiB,8.74kB / 2.49kB,0B / 12.3kB,4
udr,0.00%,8.07MiB / 15.55GiB,39.2kB / 3.23kB,0B / 16.4kB,4
smf,0.02%,30.09MiB / 15.55GiB,14.8kB / 6.26kB,0B / 147kB,40
udm,0.00%,7.605MiB / 15.55GiB,11.4kB / 4.59kB,0B / 12.3kB,4
ausf,0.00%,7.602MiB / 15.55GiB,12.2kB / 3.75kB,4.1kB / 12.3kB,4
nrf,0.00%,8.832MiB / 15.55GiB,38.5kB / 31.6kB,0B / 8.19kB,4
mongo,0.18%,140.8MiB / 15.55GiB,10.1kB / 61.4kB,8.19kB / 274kB,27
21:19:38.424
NAME,CPU %,MEM USAGE / LIMIT,NET I/O,BLOCK I/O,PIDS
amf,0.00%,8.746MiB / 15.55GiB,13.5kB / 5.83kB,0B / 20.5kB,4
upf,0.00%,22.28MiB / 15.55GiB,7.57kB / 467B,0B / 16.4kB,4
pcf,0.00%,8.367MiB / 15.55GiB,42.2kB / 5.44kB,0B / 16.4kB,4
bsf,0.00%,7.504MiB / 15.55GiB,8.47kB / 2.15kB,0B / 16.4kB,4
nssf,0.00%,7.453MiB / 15.55GiB,8.74kB / 2.49kB,0B / 12.3kB,4
udr,0.00%,8.07MiB / 15.55GiB,39.2kB / 3.23kB,0B / 16.4kB,4
smf,0.01%,30.09MiB / 15.55GiB,14.8kB / 6.26kB,0B / 147kB,40
udm,0.00%,7.605MiB / 15.55GiB,11.4kB / 4.59kB,0B / 12.3kB,4
ausf,0.00%,7.602MiB / 15.55GiB,12.2kB / 3.75kB,4.1kB / 12.3kB,4
nrf,0.00%,8.832MiB / 15.55GiB,38.5kB / 31.6kB,0B / 8.19kB,4
mongo,0.20%,140.8MiB / 15.55GiB,10.1kB / 61.4kB,8.19kB / 274kB,27
21:19:39.450
NAME,CPU %,MEM USAGE / LIMIT,NET I/O,BLOCK I/O,PIDS
amf,0.00%,8.746MiB / 15.55GiB,13.5kB / 5.83kB,0B / 20.5kB,4
upf,0.00%,22.28MiB / 15.55GiB,7.57kB / 467B,0B / 16.4kB,4
pcf,0.00%,8.367MiB / 15.55GiB,42.2kB / 5.44kB,0B / 16.4kB,4
bsf,0.00%,7.504MiB / 15.55GiB,8.47kB / 2.15kB,0B / 16.4kB,4
nssf,0.00%,7.453MiB / 15.55GiB,8.74kB / 2.49kB,0B / 12.3kB,4
udr,0.00%,8.07MiB / 15.55GiB,39.2kB / 3.23kB,0B / 16.4kB,4
smf,0.01%,30.09MiB / 15.55GiB,14.8kB / 6.26kB,0B / 147kB,40
udm,0.00%,7.605MiB / 15.55GiB,11.4kB / 4.59kB,0B / 12.3kB,4
ausf,0.00%,7.602MiB / 15.55GiB,12.2kB / 3.75kB,4.1kB / 12.3kB,4
nrf,0.00%,8.832MiB / 15.55GiB,38.5kB / 31.6kB,0B / 8.19kB,4
mongo,0.16%,140.8MiB / 15.55GiB,10.1kB / 61.4kB,8.19kB / 274kB,27
21:19:40.507
NAME,CPU %,MEM USAGE / LIMIT,NET I/O,BLOCK I/O,PIDS
amf,0.00%,8.746MiB / 15.55GiB,13.5kB / 5.83kB,0B / 20.5kB,4
upf,0.00%,22.28MiB / 15.55GiB,7.57kB / 467B,0B / 16.4kB,4
pcf,0.00%,8.367MiB / 15.55GiB,42.2kB / 5.44kB,0B / 16.4kB,4
bsf,0.00%,7.504MiB / 15.55GiB,8.47kB / 2.15kB,0B / 16.4kB,4
nssf,0.00%,7.453MiB / 15.55GiB,8.74kB / 2.49kB,0B / 12.3kB,4
udr,0.00%,8.07MiB / 15.55GiB,39.2kB / 3.23kB,0B / 16.4kB,4
smf,0.01%,30.09MiB / 15.55GiB,14.8kB / 6.26kB,0B / 147kB,40
udm,0.00%,7.605MiB / 15.55GiB,11.4kB / 4.59kB,0B / 12.3kB,4
ausf,0.00%,7.602MiB / 15.55GiB,12.2kB / 3.75kB,4.1kB / 12.3kB,4
nrf,0.00%,8.832MiB / 15.55GiB,38.5kB / 31.6kB,0B / 8.19kB,4
mongo,0.18%,140.8MiB / 15.55GiB,10.1kB / 61.4kB,8.19kB / 274kB,27
21:19:41.523
NAME,CPU %,MEM USAGE / LIMIT,NET I/O,BLOCK I/O,PIDS
amf,0.00%,8.746MiB / 15.55GiB,13.5kB / 5.83kB,0B / 20.5kB,4
upf,0.00%,22.28MiB / 15.55GiB,7.57kB / 467B,0B / 16.4kB,4
pcf,0.00%,8.367MiB / 15.55GiB,42.2kB / 5.44kB,0B / 16.4kB,4
bsf,0.00%,7.504MiB / 15.55GiB,8.47kB / 2.15kB,0B / 16.4kB,4
nssf,0.00%,7.453MiB / 15.55GiB,8.74kB / 2.49kB,0B / 12.3kB,4
udr,0.00%,8.07MiB / 15.55GiB,39.2kB / 3.23kB,0B / 16.4kB,4
smf,0.01%,30.09MiB / 15.55GiB,14.8kB / 6.26kB,0B / 147kB,40
udm,0.00%,7.605MiB / 15.55GiB,11.4kB / 4.59kB,0B / 12.3kB,4
ausf,0.00%,7.602MiB / 15.55GiB,12.2kB / 3.75kB,4.1kB / 12.3kB,4
nrf,0.00%,8.832MiB / 15.55GiB,38.5kB / 31.6kB,0B / 8.19kB,4
mongo,0.30%,140.8MiB / 15.55GiB,10.1kB / 61.4kB,8.19kB / 274kB,27
21:19:42.559
NAME,CPU %,MEM USAGE / LIMIT,NET I/O,BLOCK I/O,PIDS
amf,0.00%,8.746MiB / 15.55GiB,13.5kB / 5.83kB,0B / 20.5kB,4
upf,0.00%,22.28MiB / 15.55GiB,7.57kB / 467B,0B / 16.4kB,4
pcf,0.00%,8.367MiB / 15.55GiB,42.2kB / 5.44kB,0B / 16.4kB,4
bsf,0.00%,7.504MiB / 15.55GiB,8.47kB / 2.15kB,0B / 16.4kB,4
nssf,0.00%,7.453MiB / 15.55GiB,8.81kB / 2.49kB,0B / 12.3kB,4
udr,0.00%,8.07MiB / 15.55GiB,39.3kB / 3.23kB,0B / 16.4kB,4
smf,0.01%,30.09MiB / 15.55GiB,14.8kB / 6.26kB,0B / 147kB,40
udm,0.00%,7.605MiB / 15.55GiB,11.4kB / 4.59kB,0B / 12.3kB,4
ausf,0.00%,7.602MiB / 15.55GiB,12.2kB / 3.75kB,4.1kB / 12.3kB,4
nrf,0.00%,8.832MiB / 15.55GiB,38.5kB / 31.6kB,0B / 8.19kB,4
mongo,0.45%,140.8MiB / 15.55GiB,10.1kB / 61.4kB,8.19kB / 291kB,27
21:19:43.623
NAME,CPU %,MEM USAGE / LIMIT,NET I/O,BLOCK I/O,PIDS
amf,0.00%,8.746MiB / 15.55GiB,13.6kB / 5.83kB,0B / 20.5kB,4
upf,0.00%,22.28MiB / 15.55GiB,7.72kB / 467B,0B / 16.4kB,4
pcf,0.03%,8.367MiB / 15.55GiB,42.5kB / 5.79kB,0B / 16.4kB,4
bsf,0.00%,7.504MiB / 15.55GiB,8.56kB / 2.15kB,0B / 16.4kB,4
nssf,0.04%,7.457MiB / 15.55GiB,9.13kB / 2.84kB,0B / 12.3kB,4
udr,0.03%,8.074MiB / 15.55GiB,39.6kB / 3.58kB,0B / 16.4kB,4
smf,0.04%,30.09MiB / 15.55GiB,15.2kB / 6.6kB,0B / 147kB,40
udm,0.03%,7.605MiB / 15.55GiB,11.7kB / 4.94kB,0B / 12.3kB,4
ausf,0.03%,7.602MiB / 15.55GiB,12.6kB / 4.1kB,4.1kB / 12.3kB,4
nrf,0.10%,8.883MiB / 15.55GiB,40.7kB / 33kB,0B / 8.19kB,4
mongo,0.18%,140.8MiB / 15.55GiB,10.2kB / 61.4kB,8.19kB / 291kB,27
21:19:44.653
NAME,CPU %,MEM USAGE / LIMIT,NET I/O,BLOCK I/O,PIDS
amf,0.03%,8.746MiB / 15.55GiB,13.9kB / 6.17kB,0B / 20.5kB,4
upf,0.00%,22.28MiB / 15.55GiB,7.72kB / 467B,0B / 16.4kB,4
pcf,0.00%,8.367MiB / 15.55GiB,42.5kB / 5.79kB,0B / 16.4kB,4
bsf,0.03%,7.508MiB / 15.55GiB,8.79kB / 2.49kB,0B / 16.4kB,4
nssf,0.00%,7.457MiB / 15.55GiB,9.13kB / 2.84kB,0B / 12.3kB,4
udr,0.00%,8.074MiB / 15.55GiB,39.6kB / 3.58kB,0B / 16.4kB,4
smf,0.01%,30.09MiB / 15.55GiB,15.2kB / 6.6kB,0B / 147kB,40
udm,0.00%,7.605MiB / 15.55GiB,11.7kB / 4.94kB,0B / 12.3kB,4
ausf,0.00%,7.602MiB / 15.55GiB,12.6kB / 4.1kB,4.1kB / 12.3kB,4
nrf,0.04%,8.895MiB / 15.55GiB,41.4kB / 33.5kB,0B / 8.19kB,4
mongo,0.17%,140.8MiB / 15.55GiB,10.2kB / 61.4kB,8.19kB / 291kB,27
21:19:45.693
NAME,CPU %,MEM USAGE / LIMIT,NET I/O,BLOCK I/O,PIDS
amf,0.00%,8.746MiB / 15.55GiB,14kB / 6.17kB,0B / 20.5kB,4
upf,0.00%,22.28MiB / 15.55GiB,7.83kB / 467B,0B / 16.4kB,4
pcf,0.00%,8.367MiB / 15.55GiB,42.6kB / 5.79kB,0B / 16.4kB,4
bsf,0.00%,7.508MiB / 15.55GiB,8.97kB / 2.49kB,0B / 16.4kB,4
nssf,0.00%,7.457MiB / 15.55GiB,9.24kB / 2.84kB,0B / 12.3kB,4
udr,0.00%,8.074MiB / 15.55GiB,39.7kB / 3.58kB,0B / 16.4kB,4
smf,0.01%,30.09MiB / 15.55GiB,15.5kB / 6.6kB,0B / 147kB,40
udm,0.00%,7.605MiB / 15.55GiB,12kB / 4.94kB,0B / 12.3kB,4
ausf,0.00%,7.602MiB / 15.55GiB,12.8kB / 4.1kB,4.1kB / 12.3kB,4
nrf,0.00%,8.895MiB / 15.55GiB,41.6kB / 33.5kB,0B / 8.19kB,4
mongo,0.21%,140.8MiB / 15.55GiB,10.4kB / 61.4kB,8.19kB / 291kB,27
21:19:46.745
NAME,CPU %,MEM USAGE / LIMIT,NET I/O,BLOCK I/O,PIDS
amf,0.00%,8.746MiB / 15.55GiB,14.1kB / 6.17kB,0B / 20.5kB,4
upf,0.00%,22.28MiB / 15.55GiB,7.94kB / 467B,0B / 16.4kB,4
pcf,0.00%,8.367MiB / 15.55GiB,42.7kB / 5.79kB,0B / 16.4kB,4
bsf,0.00%,7.508MiB / 15.55GiB,9.07kB / 2.49kB,0B / 16.4kB,4
nssf,0.00%,7.457MiB / 15.55GiB,9.35kB / 2.84kB,0B / 12.3kB,4
udr,0.00%,8.074MiB / 15.55GiB,39.8kB / 3.58kB,0B / 16.4kB,4
smf,0.01%,30.09MiB / 15.55GiB,15.5kB / 6.6kB,0B / 147kB,40
udm,0.00%,7.605MiB / 15.55GiB,12kB / 4.94kB,0B / 12.3kB,4
ausf,0.00%,7.602MiB / 15.55GiB,12.8kB / 4.1kB,4.1kB / 12.3kB,4
nrf,0.00%,8.895MiB / 15.55GiB,41.6kB / 33.5kB,0B / 8.19kB,4
mongo,0.17%,140.8MiB / 15.55GiB,10.4kB / 61.4kB,8.19kB / 291kB,27
21:19:47.786
NAME,CPU %,MEM USAGE / LIMIT,NET I/O,BLOCK I/O,PIDS
amf,0.00%,8.746MiB / 15.55GiB,14.1kB / 6.17kB,0B / 20.5kB,4
upf,0.01%,22.29MiB / 15.55GiB,8.05kB / 583B,0B / 16.4kB,4
pcf,0.00%,8.367MiB / 15.55GiB,42.8kB / 5.79kB,0B / 16.4kB,4
bsf,0.00%,7.508MiB / 15.55GiB,9.07kB / 2.49kB,0B / 16.4kB,4
nssf,0.00%,7.457MiB / 15.55GiB,9.35kB / 2.84kB,0B / 12.3kB,4
udr,0.00%,8.074MiB / 15.55GiB,39.8kB / 3.58kB,0B / 16.4kB,4
smf,0.02%,30.1MiB / 15.55GiB,15.6kB / 6.72kB,0B / 147kB,40
udm,0.00%,7.605MiB / 15.55GiB,12kB / 4.94kB,0B / 12.3kB,4
ausf,0.00%,7.602MiB / 15.55GiB,12.8kB / 4.1kB,4.1kB / 12.3kB,4
nrf,0.00%,8.895MiB / 15.55GiB,41.6kB / 33.5kB,0B / 8.19kB,4
mongo,0.15%,140.8MiB / 15.55GiB,10.4kB / 61.4kB,8.19kB / 291kB,27
21:19:48.822
NAME,CPU %,MEM USAGE / LIMIT,NET I/O,BLOCK I/O,PIDS
amf,0.00%,8.746MiB / 15.55GiB,14.1kB / 6.17kB,0B / 20.5kB,4
upf,0.01%,22.29MiB / 15.55GiB,8.05kB / 583B,0B / 16.4kB,4
pcf,0.00%,8.367MiB / 15.55GiB,42.8kB / 5.79kB,0B / 16.4kB,4
bsf,0.00%,7.508MiB / 15.55GiB,9.07kB / 2.49kB,0B / 16.4kB,4
nssf,0.00%,7.457MiB / 15.55GiB,9.35kB / 2.84kB,0B / 12.3kB,4
udr,0.00%,8.074MiB / 15.55GiB,39.8kB / 3.58kB,0B / 16.4kB,4
smf,0.01%,30.1MiB / 15.55GiB,15.6kB / 6.72kB,0B / 147kB,40
udm,0.00%,7.605MiB / 15.55GiB,12kB / 4.94kB,0B / 12.3kB,4
ausf,0.00%,7.602MiB / 15.55GiB,12.8kB / 4.1kB,4.1kB / 12.3kB,4
nrf,0.00%,8.895MiB / 15.55GiB,41.6kB / 33.5kB,0B / 8.19kB,4
mongo,0.15%,140.8MiB / 15.55GiB,10.4kB / 61.4kB,8.19kB / 291kB,27
21:19:49.839
NAME,CPU %,MEM USAGE / LIMIT,NET I/O,BLOCK I/O,PIDS
amf,0.00%,8.746MiB / 15.55GiB,14.1kB / 6.17kB,0B / 20.5kB,4
upf,0.00%,22.29MiB / 15.55GiB,8.05kB / 583B,0B / 16.4kB,4
pcf,0.00%,8.367MiB / 15.55GiB,42.8kB / 5.79kB,0B / 16.4kB,4
bsf,0.00%,7.508MiB / 15.55GiB,9.07kB / 2.49kB,0B / 16.4kB,4
nssf,0.00%,7.457MiB / 15.55GiB,9.35kB / 2.84kB,0B / 12.3kB,4
udr,0.00%,8.074MiB / 15.55GiB,39.8kB / 3.58kB,0B / 16.4kB,4
smf,0.01%,30.1MiB / 15.55GiB,15.6kB / 6.72kB,0B / 147kB,40
udm,0.00%,7.605MiB / 15.55GiB,12kB / 4.94kB,0B / 12.3kB,4
ausf,0.00%,7.602MiB / 15.55GiB,12.8kB / 4.1kB,4.1kB / 12.3kB,4
nrf,0.00%,8.895MiB / 15.55GiB,41.6kB / 33.5kB,0B / 8.19kB,4
mongo,0.15%,140.8MiB / 15.55GiB,10.4kB / 61.4kB,8.19kB / 291kB,27
21:19:49.866
NAME,CPU %,MEM USAGE / LIMIT,NET I/O,BLOCK I/O,PIDS
amf,0.00%,8.746MiB / 15.55GiB,14.1kB / 6.17kB,0B / 20.5kB,4
upf,0.00%,22.29MiB / 15.55GiB,8.05kB / 583B,0B / 16.4kB,4
pcf,0.00%,8.367MiB / 15.55GiB,42.8kB / 5.79kB,0B / 16.4kB,4
bsf,0.00%,7.508MiB / 15.55GiB,9.07kB / 2.49kB,0B / 16.4kB,4
nssf,0.00%,7.457MiB / 15.55GiB,9.35kB / 2.84kB,0B / 12.3kB,4
udr,0.00%,8.074MiB / 15.55GiB,39.8kB / 3.58kB,0B / 16.4kB,4
smf,0.01%,30.1MiB / 15.55GiB,15.6kB / 6.72kB,0B / 147kB,40
udm,0.00%,7.605MiB / 15.55GiB,12kB / 4.94kB,0B / 12.3kB,4
ausf,0.00%,7.602MiB / 15.55GiB,12.8kB / 4.1kB,4.1kB / 12.3kB,4
nrf,0.00%,8.895MiB / 15.55GiB,41.6kB / 33.5kB,0B / 8.19kB,4
mongo,0.19%,140.8MiB / 15.55GiB,10.4kB / 61.4kB,8.19kB / 291kB,27
21:19:50.925
NAME,CPU %,MEM USAGE / LIMIT,NET I/O,BLOCK I/O,PIDS
amf,0.00%,8.746MiB / 15.55GiB,14.1kB / 6.17kB,0B / 20.5kB,4
upf,0.00%,22.29MiB / 15.55GiB,8.05kB / 583B,0B / 16.4kB,4
pcf,0.00%,8.367MiB / 15.55GiB,42.8kB / 5.79kB,0B / 16.4kB,4
bsf,0.00%,7.508MiB / 15.55GiB,9.07kB / 2.49kB,0B / 16.4kB,4
nssf,0.00%,7.457MiB / 15.55GiB,9.35kB / 2.84kB,0B / 12.3kB,4
udr,0.00%,8.074MiB / 15.55GiB,39.8kB / 3.58kB,0B / 16.4kB,4
smf,0.01%,30.1MiB / 15.55GiB,15.6kB / 6.72kB,0B / 147kB,40
udm,0.00%,7.605MiB / 15.55GiB,12kB / 4.94kB,0B / 12.3kB,4
ausf,0.00%,7.602MiB / 15.55GiB,12.8kB / 4.1kB,4.1kB / 12.3kB,4
nrf,0.00%,8.895MiB / 15.55GiB,41.6kB / 33.5kB,0B / 8.19kB,4
mongo,0.16%,140.8MiB / 15.55GiB,10.4kB / 61.4kB,8.19kB / 291kB,27
21:19:51.944
NAME,CPU %,MEM USAGE / LIMIT,NET I/O,BLOCK I/O,PIDS
amf,0.00%,8.746MiB / 15.55GiB,14.1kB / 6.17kB,0B / 20.5kB,4
upf,0.00%,22.29MiB / 15.55GiB,8.05kB / 583B,0B / 16.4kB,4
pcf,0.00%,8.367MiB / 15.55GiB,42.8kB / 5.79kB,0B / 16.4kB,4
bsf,0.00%,7.508MiB / 15.55GiB,9.07kB / 2.49kB,0B / 16.4kB,4
nssf,0.00%,7.457MiB / 15.55GiB,9.35kB / 2.84kB,0B / 12.3kB,4
udr,0.00%,8.074MiB / 15.55GiB,39.8kB / 3.58kB,0B / 16.4kB,4
smf,0.01%,30.1MiB / 15.55GiB,15.6kB / 6.72kB,0B / 147kB,40
udm,0.00%,7.605MiB / 15.55GiB,12kB / 4.94kB,0B / 12.3kB,4
ausf,0.00%,7.602MiB / 15.55GiB,12.8kB / 4.1kB,4.1kB / 12.3kB,4
nrf,0.00%,8.895MiB / 15.55GiB,41.6kB / 33.5kB,0B / 8.19kB,4
mongo,0.15%,140.8MiB / 15.55GiB,10.4kB / 61.4kB,8.19kB / 291kB,27
21:19:52.987
NAME,CPU %,MEM USAGE / LIMIT,NET I/O,BLOCK I/O,PIDS
amf,0.00%,8.746MiB / 15.55GiB,14.1kB / 6.17kB,0B / 20.5kB,4
upf,0.00%,22.29MiB / 15.55GiB,8.1kB / 625B,0B / 16.4kB,4
pcf,0.00%,8.367MiB / 15.55GiB,42.8kB / 5.79kB,0B / 16.4kB,4
bsf,0.00%,7.508MiB / 15.55GiB,9.07kB / 2.49kB,0B / 16.4kB,4
nssf,0.00%,7.457MiB / 15.55GiB,9.35kB / 2.84kB,0B / 12.3kB,4
udr,0.00%,8.074MiB / 15.55GiB,39.8kB / 3.58kB,0B / 16.4kB,4
smf,0.01%,30.1MiB / 15.55GiB,15.6kB / 6.76kB,0B / 147kB,40
udm,0.00%,7.605MiB / 15.55GiB,12kB / 4.94kB,0B / 12.3kB,4
ausf,0.00%,7.602MiB / 15.55GiB,12.8kB / 4.1kB,4.1kB / 12.3kB,4
nrf,0.00%,8.895MiB / 15.55GiB,41.6kB / 33.5kB,0B / 8.19kB,4
mongo,0.36%,140.8MiB / 15.55GiB,10.4kB / 61.4kB,8.19kB / 311kB,27
21:19:54.030
NAME,CPU %,MEM USAGE / LIMIT,NET I/O,BLOCK I/O,PIDS
amf,0.00%,8.746MiB / 15.55GiB,14.1kB / 6.17kB,0B / 20.5kB,4
upf,0.00%,22.29MiB / 15.55GiB,8.1kB / 625B,0B / 16.4kB,4
pcf,0.03%,8.367MiB / 15.55GiB,42.9kB / 6.13kB,0B / 16.4kB,4
bsf,0.03%,7.512MiB / 15.55GiB,9.31kB / 2.83kB,0B / 16.4kB,4
nssf,0.02%,7.457MiB / 15.55GiB,9.52kB / 3.18kB,0B / 12.3kB,4
udr,0.03%,8.078MiB / 15.55GiB,40kB / 3.92kB,0B / 16.4kB,4
smf,0.07%,30.14MiB / 15.55GiB,15.8kB / 7.14kB,0B / 147kB,41
udm,0.03%,7.605MiB / 15.55GiB,12.1kB / 5.28kB,0B / 12.3kB,4
ausf,0.03%,7.602MiB / 15.55GiB,13kB / 4.44kB,4.1kB / 12.3kB,4
nrf,0.13%,8.953MiB / 15.55GiB,44kB / 34.8kB,0B / 8.19kB,4
mongo,0.26%,140.8MiB / 15.55GiB,10.5kB / 61.4kB,8.19kB / 311kB,27
21:19:55.079
NAME,CPU %,MEM USAGE / LIMIT,NET I/O,BLOCK I/O,PIDS
amf,0.04%,8.746MiB / 15.55GiB,14.3kB / 6.52kB,0B / 20.5kB,4
upf,0.00%,22.29MiB / 15.55GiB,8.18kB / 625B,0B / 16.4kB,4
pcf,0.00%,8.367MiB / 15.55GiB,43kB / 6.13kB,0B / 16.4kB,4
bsf,0.00%,7.512MiB / 15.55GiB,9.39kB / 2.83kB,0B / 16.4kB,4
nssf,0.00%,7.457MiB / 15.55GiB,9.6kB / 3.18kB,0B / 12.3kB,4
udr,0.00%,8.078MiB / 15.55GiB,40.1kB / 3.92kB,0B / 16.4kB,4
smf,0.01%,30.14MiB / 15.55GiB,15.8kB / 7.19kB,0B / 147kB,41
udm,0.00%,7.605MiB / 15.55GiB,12.2kB / 5.28kB,0B / 12.3kB,4
ausf,0.00%,7.602MiB / 15.55GiB,13.1kB / 4.44kB,4.1kB / 12.3kB,4
nrf,0.02%,8.961MiB / 15.55GiB,44.4kB / 35kB,0B / 8.19kB,4
mongo,0.16%,140.8MiB / 15.55GiB,10.5kB / 61.4kB,8.19kB / 311kB,27
21:19:56.107
NAME,CPU %,MEM USAGE / LIMIT,NET I/O,BLOCK I/O,PIDS
amf,0.00%,8.746MiB / 15.55GiB,14.4kB / 6.52kB,0B / 20.5kB,4
upf,0.00%,22.29MiB / 15.55GiB,8.22kB / 625B,0B / 16.4kB,4
pcf,0.00%,8.367MiB / 15.55GiB,43.1kB / 6.13kB,0B / 16.4kB,4
bsf,0.00%,7.512MiB / 15.55GiB,9.43kB / 2.83kB,0B / 16.4kB,4
nssf,0.00%,7.457MiB / 15.55GiB,9.64kB / 3.18kB,0B / 12.3kB,4
udr,0.00%,8.078MiB / 15.55GiB,40.1kB / 3.92kB,0B / 16.4kB,4
smf,0.01%,30.14MiB / 15.55GiB,15.8kB / 7.23kB,0B / 147kB,41
udm,0.00%,7.605MiB / 15.55GiB,12.3kB / 5.28kB,0B / 12.3kB,4
ausf,0.00%,7.602MiB / 15.55GiB,13.1kB / 4.44kB,4.1kB / 12.3kB,4
nrf,0.00%,8.961MiB / 15.55GiB,44.5kB / 35kB,0B / 8.19kB,4
mongo,0.29%,140.8MiB / 15.55GiB,10.6kB / 61.4kB,8.19kB / 311kB,27
21:19:57.141
NAME,CPU %,MEM USAGE / LIMIT,NET I/O,BLOCK I/O,PIDS
amf,0.00%,8.746MiB / 15.55GiB,14.4kB / 6.52kB,0B / 20.5kB,4
upf,0.00%,22.29MiB / 15.55GiB,8.27kB / 625B,0B / 16.4kB,4
pcf,0.00%,8.367MiB / 15.55GiB,43.1kB / 6.13kB,0B / 16.4kB,4
bsf,0.00%,7.512MiB / 15.55GiB,9.47kB / 2.83kB,0B / 16.4kB,4
nssf,0.00%,7.457MiB / 15.55GiB,9.68kB / 3.18kB,0B / 12.3kB,4
udr,0.00%,8.078MiB / 15.55GiB,40.2kB / 3.92kB,0B / 16.4kB,4
smf,0.03%,30.14MiB / 15.55GiB,15.8kB / 7.27kB,0B / 147kB,41
udm,0.00%,7.605MiB / 15.55GiB,12.3kB / 5.28kB,0B / 12.3kB,4
ausf,0.00%,7.602MiB / 15.55GiB,13.2kB / 4.44kB,4.1kB / 12.3kB,4
nrf,0.00%,8.961MiB / 15.55GiB,44.5kB / 35kB,0B / 8.19kB,4
mongo,0.17%,140.8MiB / 15.55GiB,10.6kB / 61.4kB,8.19kB / 311kB,27
21:19:58.169
NAME,CPU %,MEM USAGE / LIMIT,NET I/O,BLOCK I/O,PIDS
amf,0.00%,8.746MiB / 15.55GiB,14.5kB / 6.52kB,0B / 20.5kB,4
upf,0.02%,22.3MiB / 15.55GiB,8.42kB / 741B,0B / 16.4kB,4
pcf,0.00%,8.367MiB / 15.55GiB,43.1kB / 6.13kB,0B / 16.4kB,4
bsf,0.00%,7.512MiB / 15.55GiB,9.52kB / 2.83kB,0B / 16.4kB,4
nssf,0.00%,7.457MiB / 15.55GiB,9.73kB / 3.18kB,0B / 12.3kB,4
udr,0.00%,8.078MiB / 15.55GiB,40.2kB / 3.92kB,0B / 16.4kB,4
smf,0.02%,30.16MiB / 15.55GiB,15.9kB / 7.43kB,0B / 147kB,41
udm,0.00%,7.605MiB / 15.55GiB,12.3kB / 5.28kB,0B / 12.3kB,4
ausf,0.00%,7.602MiB / 15.55GiB,13.2kB / 4.44kB,4.1kB / 12.3kB,4
nrf,0.00%,8.961MiB / 15.55GiB,44.5kB / 35kB,0B / 8.19kB,4
mongo,0.19%,140.8MiB / 15.55GiB,10.6kB / 61.4kB,8.19kB / 311kB,27
21:19:59.194
NAME,CPU %,MEM USAGE / LIMIT,NET I/O,BLOCK I/O,PIDS
amf,0.00%,8.746MiB / 15.55GiB,14.5kB / 6.52kB,0B / 20.5kB,4
upf,0.00%,22.3MiB / 15.55GiB,8.46kB / 741B,0B / 16.4kB,4
pcf,0.00%,8.367MiB / 15.55GiB,43.2kB / 6.13kB,0B / 16.4kB,4
bsf,0.00%,7.512MiB / 15.55GiB,9.56kB / 2.83kB,0B / 16.4kB,4
nssf,0.00%,7.457MiB / 15.55GiB,9.77kB / 3.18kB,0B / 12.3kB,4
udr,0.00%,8.078MiB / 15.55GiB,40.3kB / 3.92kB,0B / 16.4kB,4
smf,0.01%,30.16MiB / 15.55GiB,15.9kB / 7.47kB,0B / 147kB,41
udm,0.00%,7.605MiB / 15.55GiB,12.4kB / 5.28kB,0B / 12.3kB,4
ausf,0.00%,7.602MiB / 15.55GiB,13.2kB / 4.44kB,4.1kB / 12.3kB,4
nrf,0.00%,8.961MiB / 15.55GiB,44.6kB / 35kB,0B / 8.19kB,4
mongo,0.17%,140.8MiB / 15.55GiB,10.7kB / 61.4kB,8.19kB / 311kB,27
21:20:00.262
NAME,CPU %,MEM USAGE / LIMIT,NET I/O,BLOCK I/O,PIDS
amf,0.00%,8.746MiB / 15.55GiB,14.5kB / 6.52kB,0B / 20.5kB,4
upf,0.00%,22.3MiB / 15.55GiB,8.51kB / 741B,0B / 16.4kB,4
pcf,0.00%,8.367MiB / 15.55GiB,43.2kB / 6.13kB,0B / 16.4kB,4
bsf,0.00%,7.512MiB / 15.55GiB,9.6kB / 2.83kB,0B / 16.4kB,4
nssf,0.00%,7.457MiB / 15.55GiB,9.81kB / 3.18kB,0B / 12.3kB,4
udr,0.00%,8.078MiB / 15.55GiB,40.3kB / 3.92kB,0B / 16.4kB,4
smf,0.01%,30.15MiB / 15.55GiB,15.9kB / 7.51kB,0B / 147kB,41
udm,0.00%,7.605MiB / 15.55GiB,12.4kB / 5.28kB,0B / 12.3kB,4
ausf,0.00%,7.602MiB / 15.55GiB,13.3kB / 4.44kB,4.1kB / 12.3kB,4
nrf,0.00%,8.961MiB / 15.55GiB,44.6kB / 35kB,0B / 8.19kB,4
mongo,0.16%,140.8MiB / 15.55GiB,10.7kB / 61.4kB,8.19kB / 311kB,27
21:20:01.305
NAME,CPU %,MEM USAGE / LIMIT,NET I/O,BLOCK I/O,PIDS
amf,0.00%,8.746MiB / 15.55GiB,14.6kB / 6.52kB,0B / 20.5kB,4
upf,0.00%,22.3MiB / 15.55GiB,8.55kB / 741B,0B / 16.4kB,4
pcf,0.00%,8.367MiB / 15.55GiB,43.3kB / 6.13kB,0B / 16.4kB,4
bsf,0.00%,7.512MiB / 15.55GiB,9.64kB / 2.83kB,0B / 16.4kB,4
nssf,0.00%,7.457MiB / 15.55GiB,9.85kB / 3.18kB,0B / 12.3kB,4
udr,0.00%,8.078MiB / 15.55GiB,40.4kB / 3.92kB,0B / 16.4kB,4
smf,0.01%,30.15MiB / 15.55GiB,15.9kB / 7.55kB,0B / 147kB,41
udm,0.00%,7.605MiB / 15.55GiB,12.5kB / 5.28kB,0B / 12.3kB,4
ausf,0.00%,7.602MiB / 15.55GiB,13.3kB / 4.44kB,4.1kB / 12.3kB,4
nrf,0.00%,8.961MiB / 15.55GiB,44.7kB / 35kB,0B / 8.19kB,4
mongo,0.20%,140.8MiB / 15.55GiB,10.8kB / 61.4kB,8.19kB / 311kB,27
21:20:02.340
NAME,CPU %,MEM USAGE / LIMIT,NET I/O,BLOCK I/O,PIDS
amf,0.00%,8.746MiB / 15.55GiB,14.6kB / 6.52kB,0B / 20.5kB,4
upf,0.00%,22.3MiB / 15.55GiB,8.59kB / 741B,0B / 16.4kB,4
pcf,0.00%,8.367MiB / 15.55GiB,43.3kB / 6.13kB,0B / 16.4kB,4
bsf,0.00%,7.512MiB / 15.55GiB,9.68kB / 2.83kB,0B / 16.4kB,4
nssf,0.00%,7.457MiB / 15.55GiB,9.89kB / 3.18kB,0B / 12.3kB,4
udr,0.00%,8.078MiB / 15.55GiB,40.4kB / 3.92kB,0B / 16.4kB,4
smf,0.02%,30.15MiB / 15.55GiB,15.9kB / 7.6kB,0B / 147kB,41
udm,0.00%,7.605MiB / 15.55GiB,12.5kB / 5.28kB,0B / 12.3kB,4
ausf,0.00%,7.602MiB / 15.55GiB,13.4kB / 4.44kB,4.1kB / 12.3kB,4
nrf,0.00%,8.961MiB / 15.55GiB,44.7kB / 35kB,0B / 8.19kB,4
mongo,0.28%,140.8MiB / 15.55GiB,10.8kB / 61.4kB,8.19kB / 311kB,27
21:20:03.384
NAME,CPU %,MEM USAGE / LIMIT,NET I/O,BLOCK I/O,PIDS
amf,0.00%,8.746MiB / 15.55GiB,14.6kB / 6.52kB,0B / 20.5kB,4
upf,0.00%,22.3MiB / 15.55GiB,8.63kB / 783B,0B / 16.4kB,4
pcf,0.00%,8.367MiB / 15.55GiB,43.3kB / 6.13kB,0B / 16.4kB,4
bsf,0.00%,7.512MiB / 15.55GiB,9.68kB / 2.83kB,0B / 16.4kB,4
nssf,0.00%,7.457MiB / 15.55GiB,9.89kB / 3.18kB,0B / 12.3kB,4
udr,0.00%,8.078MiB / 15.55GiB,40.4kB / 3.92kB,0B / 16.4kB,4
smf,0.05%,30.16MiB / 15.55GiB,16.1kB / 7.98kB,0B / 147kB,41
udm,0.03%,7.605MiB / 15.55GiB,12.7kB / 5.63kB,0B / 12.3kB,4
ausf,0.03%,7.602MiB / 15.55GiB,13.5kB / 4.79kB,4.1kB / 12.3kB,4
nrf,0.07%,8.98MiB / 15.55GiB,45.7kB / 35.5kB,0B / 8.19kB,4
mongo,0.35%,140.8MiB / 15.55GiB,10.8kB / 61.4kB,8.19kB / 332kB,27
21:20:04.425
NAME,CPU %,MEM USAGE / LIMIT,NET I/O,BLOCK I/O,PIDS
amf,0.04%,8.754MiB / 15.55GiB,14.8kB / 6.86kB,0B / 20.5kB,4
upf,0.00%,22.3MiB / 15.55GiB,8.63kB / 783B,0B / 16.4kB,4
pcf,0.03%,8.375MiB / 15.55GiB,43.5kB / 6.48kB,0B / 16.4kB,4
bsf,0.03%,7.512MiB / 15.55GiB,9.85kB / 3.18kB,0B / 16.4kB,4
nssf,0.03%,7.461MiB / 15.55GiB,10.1kB / 3.52kB,0B / 12.3kB,4
udr,0.03%,8.078MiB / 15.55GiB,40.6kB / 4.27kB,0B / 16.4kB,4
smf,0.03%,30.12MiB / 15.55GiB,16.1kB / 7.98kB,0B / 147kB,40
udm,0.00%,7.605MiB / 15.55GiB,12.7kB / 5.63kB,0B / 12.3kB,4
ausf,0.00%,7.602MiB / 15.55GiB,13.5kB / 4.79kB,4.1kB / 12.3kB,4
nrf,0.11%,9.016MiB / 15.55GiB,47.5kB / 36.3kB,0B / 8.19kB,4
mongo,0.17%,140.8MiB / 15.55GiB,10.8kB / 61.4kB,8.19kB / 332kB,27
21:20:05.466
NAME,CPU %,MEM USAGE / LIMIT,NET I/O,BLOCK I/O,PIDS
amf,0.00%,8.754MiB / 15.55GiB,14.8kB / 6.86kB,0B / 20.5kB,4
upf,0.00%,22.3MiB / 15.55GiB,8.63kB / 783B,0B / 16.4kB,4
pcf,0.00%,8.375MiB / 15.55GiB,43.5kB / 6.48kB,0B / 16.4kB,4
bsf,0.00%,7.512MiB / 15.55GiB,9.85kB / 3.18kB,0B / 16.4kB,4
nssf,0.00%,7.461MiB / 15.55GiB,10.1kB / 3.52kB,0B / 12.3kB,4
udr,0.00%,8.078MiB / 15.55GiB,40.6kB / 4.27kB,0B / 16.4kB,4
smf,0.01%,30.12MiB / 15.55GiB,16.1kB / 7.98kB,0B / 147kB,40
udm,0.00%,7.605MiB / 15.55GiB,12.7kB / 5.63kB,0B / 12.3kB,4
ausf,0.00%,7.602MiB / 15.55GiB,13.5kB / 4.79kB,4.1kB / 12.3kB,4
nrf,0.00%,9.016MiB / 15.55GiB,47.5kB / 36.3kB,0B / 8.19kB,4
mongo,0.19%,140.8MiB / 15.55GiB,10.8kB / 61.4kB,8.19kB / 332kB,27
21:20:06.484
NAME,CPU %,MEM USAGE / LIMIT,NET I/O,BLOCK I/O,PIDS
amf,0.00%,8.754MiB / 15.55GiB,14.8kB / 6.86kB,0B / 20.5kB,4
upf,0.00%,22.3MiB / 15.55GiB,8.63kB / 783B,0B / 16.4kB,4
pcf,0.00%,8.375MiB / 15.55GiB,43.5kB / 6.48kB,0B / 16.4kB,4
bsf,0.00%,7.512MiB / 15.55GiB,9.85kB / 3.18kB,0B / 16.4kB,4
nssf,0.00%,7.461MiB / 15.55GiB,10.1kB / 3.52kB,0B / 12.3kB,4
udr,0.00%,8.078MiB / 15.55GiB,40.6kB / 4.27kB,0B / 16.4kB,4
smf,0.01%,30.12MiB / 15.55GiB,16.1kB / 7.98kB,0B / 147kB,40
udm,0.00%,7.605MiB / 15.55GiB,12.7kB / 5.63kB,0B / 12.3kB,4
ausf,0.00%,7.602MiB / 15.55GiB,13.5kB / 4.79kB,4.1kB / 12.3kB,4
nrf,0.00%,9.016MiB / 15.55GiB,47.5kB / 36.3kB,0B / 8.19kB,4
mongo,0.19%,140.8MiB / 15.55GiB,10.8kB / 61.4kB,8.19kB / 332kB,27
21:20:07.518
NAME,CPU %,MEM USAGE / LIMIT,NET I/O,BLOCK I/O,PIDS
amf,0.00%,8.754MiB / 15.55GiB,14.8kB / 6.86kB,0B / 20.5kB,4
upf,0.00%,22.3MiB / 15.55GiB,8.63kB / 783B,0B / 16.4kB,4
pcf,0.00%,8.375MiB / 15.55GiB,43.5kB / 6.48kB,0B / 16.4kB,4
bsf,0.00%,7.512MiB / 15.55GiB,9.85kB / 3.18kB,0B / 16.4kB,4
nssf,0.00%,7.461MiB / 15.55GiB,10.1kB / 3.52kB,0B / 12.3kB,4
udr,0.00%,8.078MiB / 15.55GiB,40.6kB / 4.27kB,0B / 16.4kB,4
smf,0.01%,30.12MiB / 15.55GiB,16.1kB / 7.98kB,0B / 147kB,40
udm,0.00%,7.605MiB / 15.55GiB,12.7kB / 5.63kB,0B / 12.3kB,4
ausf,0.00%,7.602MiB / 15.55GiB,13.5kB / 4.79kB,4.1kB / 12.3kB,4
nrf,0.00%,9.016MiB / 15.55GiB,47.5kB / 36.3kB,0B / 8.19kB,4
mongo,0.30%,140.8MiB / 15.55GiB,10.8kB / 61.4kB,8.19kB / 332kB,27
21:20:08.568
NAME,CPU %,MEM USAGE / LIMIT,NET I/O,BLOCK I/O,PIDS
amf,0.00%,8.754MiB / 15.55GiB,14.8kB / 6.86kB,0B / 20.5kB,4
upf,0.00%,22.3MiB / 15.55GiB,8.63kB / 783B,0B / 16.4kB,4
pcf,0.00%,8.375MiB / 15.55GiB,43.5kB / 6.48kB,0B / 16.4kB,4
bsf,0.00%,7.512MiB / 15.55GiB,9.85kB / 3.18kB,0B / 16.4kB,4
nssf,0.00%,7.461MiB / 15.55GiB,10.1kB / 3.52kB,0B / 12.3kB,4
udr,0.00%,8.078MiB / 15.55GiB,40.6kB / 4.27kB,0B / 16.4kB,4
smf,0.01%,30.12MiB / 15.55GiB,16.1kB / 7.98kB,0B / 147kB,40
udm,0.00%,7.605MiB / 15.55GiB,12.7kB / 5.63kB,0B / 12.3kB,4
ausf,0.00%,7.602MiB / 15.55GiB,13.5kB / 4.79kB,4.1kB / 12.3kB,4
nrf,0.00%,9.016MiB / 15.55GiB,47.5kB / 36.3kB,0B / 8.19kB,4
mongo,0.16%,140.8MiB / 15.55GiB,10.8kB / 61.4kB,8.19kB / 332kB,27
21:20:09.638
NAME,CPU %,MEM USAGE / LIMIT,NET I/O,BLOCK I/O,PIDS
amf,0.00%,8.754MiB / 15.55GiB,14.8kB / 6.86kB,0B / 20.5kB,4
upf,0.02%,22.3MiB / 15.55GiB,8.75kB / 899B,0B / 16.4kB,4
pcf,0.00%,8.375MiB / 15.55GiB,43.5kB / 6.48kB,0B / 16.4kB,4
bsf,0.00%,7.512MiB / 15.55GiB,9.85kB / 3.18kB,0B / 16.4kB,4
nssf,0.00%,7.461MiB / 15.55GiB,10.1kB / 3.52kB,0B / 12.3kB,4
udr,0.00%,8.078MiB / 15.55GiB,40.6kB / 4.27kB,0B / 16.4kB,4
smf,0.03%,30.12MiB / 15.55GiB,16.2kB / 8.1kB,0B / 147kB,40
udm,0.00%,7.605MiB / 15.55GiB,12.7kB / 5.63kB,0B / 12.3kB,4
ausf,0.00%,7.602MiB / 15.55GiB,13.5kB / 4.79kB,4.1kB / 12.3kB,4
nrf,0.00%,9.016MiB / 15.55GiB,47.5kB / 36.3kB,0B / 8.19kB,4
mongo,0.20%,140.8MiB / 15.55GiB,10.8kB / 61.4kB,8.19kB / 332kB,27
21:20:10.667
NAME,CPU %,MEM USAGE / LIMIT,NET I/O,BLOCK I/O,PIDS
amf,0.00%,8.754MiB / 15.55GiB,14.8kB / 6.86kB,0B / 20.5kB,4
upf,0.00%,22.3MiB / 15.55GiB,8.75kB / 899B,0B / 16.4kB,4
pcf,0.00%,8.375MiB / 15.55GiB,43.5kB / 6.48kB,0B / 16.4kB,4
bsf,0.00%,7.512MiB / 15.55GiB,9.85kB / 3.18kB,0B / 16.4kB,4
nssf,0.00%,7.461MiB / 15.55GiB,10.1kB / 3.52kB,0B / 12.3kB,4
udr,0.00%,8.078MiB / 15.55GiB,40.6kB / 4.27kB,0B / 16.4kB,4
smf,0.01%,30.12MiB / 15.55GiB,16.2kB / 8.1kB,0B / 147kB,40
udm,0.00%,7.605MiB / 15.55GiB,12.7kB / 5.63kB,0B / 12.3kB,4
ausf,0.00%,7.602MiB / 15.55GiB,13.5kB / 4.79kB,4.1kB / 12.3kB,4
nrf,0.00%,9.016MiB / 15.55GiB,47.5kB / 36.3kB,0B / 8.19kB,4
mongo,0.18%,140.8MiB / 15.55GiB,10.8kB / 61.4kB,8.19kB / 332kB,27
21:20:11.709
NAME,CPU %,MEM USAGE / LIMIT,NET I/O,BLOCK I/O,PIDS
amf,0.00%,8.754MiB / 15.55GiB,14.8kB / 6.86kB,0B / 20.5kB,4
upf,0.00%,22.3MiB / 15.55GiB,8.75kB / 899B,0B / 16.4kB,4
pcf,0.00%,8.375MiB / 15.55GiB,43.5kB / 6.48kB,0B / 16.4kB,4
bsf,0.00%,7.512MiB / 15.55GiB,9.85kB / 3.18kB,0B / 16.4kB,4
nssf,0.00%,7.461MiB / 15.55GiB,10.1kB / 3.52kB,0B / 12.3kB,4
udr,0.00%,8.078MiB / 15.55GiB,40.6kB / 4.27kB,0B / 16.4kB,4
smf,0.01%,30.12MiB / 15.55GiB,16.2kB / 8.1kB,0B / 147kB,40
udm,0.00%,7.605MiB / 15.55GiB,12.7kB / 5.63kB,0B / 12.3kB,4
ausf,0.00%,7.602MiB / 15.55GiB,13.5kB / 4.79kB,4.1kB / 12.3kB,4
nrf,0.00%,9.016MiB / 15.55GiB,47.5kB / 36.3kB,0B / 8.19kB,4
mongo,0.17%,140.8MiB / 15.55GiB,10.8kB / 61.4kB,8.19kB / 332kB,27
21:20:12.741
NAME,CPU %,MEM USAGE / LIMIT,NET I/O,BLOCK I/O,PIDS
amf,0.00%,8.754MiB / 15.55GiB,14.8kB / 6.86kB,0B / 20.5kB,4
upf,0.00%,22.3MiB / 15.55GiB,8.75kB / 899B,0B / 16.4kB,4
pcf,0.00%,8.375MiB / 15.55GiB,43.5kB / 6.48kB,0B / 16.4kB,4
bsf,0.00%,7.512MiB / 15.55GiB,9.85kB / 3.18kB,0B / 16.4kB,4
nssf,0.00%,7.461MiB / 15.55GiB,10.1kB / 3.52kB,0B / 12.3kB,4
udr,0.00%,8.078MiB / 15.55GiB,40.6kB / 4.27kB,0B / 16.4kB,4
smf,0.01%,30.12MiB / 15.55GiB,16.2kB / 8.1kB,0B / 147kB,40
udm,0.00%,7.605MiB / 15.55GiB,12.7kB / 5.63kB,0B / 12.3kB,4
ausf,0.00%,7.602MiB / 15.55GiB,13.5kB / 4.79kB,4.1kB / 12.3kB,4
nrf,0.00%,9.016MiB / 15.55GiB,47.5kB / 36.3kB,0B / 8.19kB,4
mongo,0.60%,140.8MiB / 15.55GiB,10.9kB / 61.4kB,8.19kB / 352kB,27
21:20:13.797
NAME,CPU %,MEM USAGE / LIMIT,NET I/O,BLOCK I/O,PIDS
amf,0.00%,8.754MiB / 15.55GiB,14.8kB / 6.86kB,0B / 20.5kB,4
upf,0.00%,22.3MiB / 15.55GiB,8.75kB / 899B,0B / 16.4kB,4
pcf,0.03%,8.375MiB / 15.55GiB,43.7kB / 6.82kB,0B / 16.4kB,4
bsf,0.03%,7.516MiB / 15.55GiB,10kB / 3.52kB,0B / 16.4kB,4
nssf,0.03%,7.461MiB / 15.55GiB,10.2kB / 3.87kB,0B / 12.3kB,4
udr,0.03%,8.086MiB / 15.55GiB,40.7kB / 4.61kB,0B / 16.4kB,4
smf,0.05%,30.15MiB / 15.55GiB,16.4kB / 8.44kB,0B / 147kB,40
udm,0.03%,7.613MiB / 15.55GiB,12.8kB / 5.97kB,0B / 12.3kB,4
ausf,0.03%,7.602MiB / 15.55GiB,13.7kB / 5.13kB,4.1kB / 12.3kB,4
nrf,0.15%,9.059MiB / 15.55GiB,49.9kB / 37.5kB,0B / 8.19kB,4
mongo,0.57%,140.8MiB / 15.55GiB,10.9kB / 61.4kB,8.19kB / 446kB,27
21:20:14.834
NAME,CPU %,MEM USAGE / LIMIT,NET I/O,BLOCK I/O,PIDS
amf,0.03%,8.758MiB / 15.55GiB,15.1kB / 7.2kB,0B / 20.5kB,4
upf,0.00%,22.3MiB / 15.55GiB,8.91kB / 899B,0B / 16.4kB,4
pcf,0.00%,8.375MiB / 15.55GiB,43.7kB / 6.82kB,0B / 16.4kB,4
bsf,0.00%,7.516MiB / 15.55GiB,10.1kB / 3.52kB,0B / 16.4kB,4
nssf,0.00%,7.461MiB / 15.55GiB,10.4kB / 3.87kB,0B / 12.3kB,4
udr,0.00%,8.086MiB / 15.55GiB,40.8kB / 4.61kB,0B / 16.4kB,4
smf,0.11%,30.15MiB / 15.55GiB,16.5kB / 8.44kB,0B / 147kB,40
udm,0.00%,7.613MiB / 15.55GiB,12.9kB / 5.97kB,0B / 12.3kB,4
ausf,0.00%,7.602MiB / 15.55GiB,13.8kB / 5.13kB,4.1kB / 12.3kB,4
nrf,0.02%,9.062MiB / 15.55GiB,50.3kB / 37.6kB,0B / 8.19kB,4
mongo,0.15%,140.8MiB / 15.55GiB,11kB / 61.4kB,8.19kB / 446kB,27
NAME,CPU %,MEM USAGE / LIMIT,NET I/O,BLOCK I/O,PIDS
amf,0.03%,8.758MiB / 15.55GiB,15.1kB / 7.2kB,0B / 20.5kB,4
upf,0.00%,22.3MiB / 15.55GiB,8.91kB / 899B,0B / 16.4kB,4
pcf,0.00%,8.375MiB / 15.55GiB,43.7kB / 6.82kB,0B / 16.4kB,4
bsf,0.00%,7.516MiB / 15.55GiB,10.1kB / 3.52kB,0B / 16.4kB,4
nssf,0.00%,7.461MiB / 15.55GiB,10.4kB / 3.87kB,0B / 12.3kB,4
udr,0.00%,8.086MiB / 15.55GiB,40.8kB / 4.61kB,0B / 16.4kB,4
smf,0.11%,30.15MiB / 15.55GiB,16.5kB / 8.44kB,0B / 147kB,40
udm,0.00%,7.613MiB / 15.55GiB,12.9kB / 5.97kB,0B / 12.3kB,4
ausf,0.00%,7.602MiB / 15.55GiB,13.8kB / 5.13kB,4.1kB / 12.3kB,4
nrf,0.02%,9.062MiB / 15.55GiB,50.3kB / 37.6kB,0B / 8.19kB,4
mongo,0.15%,140.8MiB / 15.55GiB,11kB / 61.4kB,8.19kB / 446kB,27
21:20:15.865
21:20:15.879
NAME,CPU %,MEM USAGE / LIMIT,NET I/O,BLOCK I/O,PIDS
amf,0.00%,8.758MiB / 15.55GiB,15.1kB / 7.2kB,0B / 20.5kB,4
upf,0.00%,22.3MiB / 15.55GiB,8.91kB / 899B,0B / 16.4kB,4
pcf,0.00%,8.375MiB / 15.55GiB,43.7kB / 6.82kB,0B / 16.4kB,4
bsf,0.00%,7.516MiB / 15.55GiB,10.1kB / 3.52kB,0B / 16.4kB,4
nssf,0.00%,7.461MiB / 15.55GiB,10.4kB / 3.87kB,0B / 12.3kB,4
udr,0.00%,8.086MiB / 15.55GiB,40.8kB / 4.61kB,0B / 16.4kB,4
smf,0.01%,30.15MiB / 15.55GiB,16.5kB / 8.44kB,0B / 147kB,40
udm,0.00%,7.613MiB / 15.55GiB,12.9kB / 5.97kB,0B / 12.3kB,4
ausf,0.00%,7.602MiB / 15.55GiB,13.8kB / 5.13kB,4.1kB / 12.3kB,4
nrf,0.00%,9.062MiB / 15.55GiB,50.3kB / 37.6kB,0B / 8.19kB,4
mongo,0.14%,140.8MiB / 15.55GiB,11kB / 61.4kB,8.19kB / 446kB,27
21:20:16.933
NAME,CPU %,MEM USAGE / LIMIT,NET I/O,BLOCK I/O,PIDS
amf,0.00%,8.758MiB / 15.55GiB,15.1kB / 7.2kB,0B / 20.5kB,4
upf,0.00%,22.3MiB / 15.55GiB,8.91kB / 899B,0B / 16.4kB,4
pcf,0.00%,8.375MiB / 15.55GiB,43.7kB / 6.82kB,0B / 16.4kB,4
bsf,0.00%,7.516MiB / 15.55GiB,10.1kB / 3.52kB,0B / 16.4kB,4
nssf,0.00%,7.461MiB / 15.55GiB,10.4kB / 3.87kB,0B / 12.3kB,4
udr,0.00%,8.086MiB / 15.55GiB,40.9kB / 4.61kB,0B / 16.4kB,4
smf,0.01%,30.15MiB / 15.55GiB,16.5kB / 8.44kB,0B / 147kB,40
udm,0.00%,7.613MiB / 15.55GiB,12.9kB / 5.97kB,0B / 12.3kB,4
ausf,0.00%,7.602MiB / 15.55GiB,13.9kB / 5.13kB,4.1kB / 12.3kB,4
nrf,0.00%,9.062MiB / 15.55GiB,50.3kB / 37.6kB,0B / 8.19kB,4
mongo,0.20%,140.8MiB / 15.55GiB,11.1kB / 61.4kB,8.19kB / 446kB,27
21:20:17.951
